2012-07-09 16:04:09 Notice: Notice (8): Undefined variable: bob in [/Users/wellsjohnston/Desktop/Other_Dev/wellsstuff2.com/app/View/Top/top.ctp, line 5]
Trace:
include - APP/View/Top/top.ctp, line 5
View::_evaluate() - CORE/Cake/View/View.php, line 920
View::_render() - CORE/Cake/View/View.php, line 883
View::render() - CORE/Cake/View/View.php, line 475
Controller::render() - CORE/Cake/Controller/Controller.php, line 957
Dispatcher::_invoke() - CORE/Cake/Routing/Dispatcher.php, line 193
Dispatcher::dispatch() - CORE/Cake/Routing/Dispatcher.php, line 161
[main] - APP/webroot/index.php, line 92

2012-07-09 16:05:56 Notice: Notice (8): Undefined variable: bob in [/Users/wellsjohnston/Desktop/Other_Dev/wellsstuff2.com/app/View/Top/top.ctp, line 5]
Trace:
include - APP/View/Top/top.ctp, line 5
View::_evaluate() - CORE/Cake/View/View.php, line 920
View::_render() - CORE/Cake/View/View.php, line 883
View::render() - CORE/Cake/View/View.php, line 475
Controller::render() - CORE/Cake/Controller/Controller.php, line 957
Dispatcher::_invoke() - CORE/Cake/Routing/Dispatcher.php, line 193
Dispatcher::dispatch() - CORE/Cake/Routing/Dispatcher.php, line 161
[main] - APP/webroot/index.php, line 92

2012-07-09 16:07:06 Notice: Notice (8): Undefined variable: bob in [/Users/wellsjohnston/Desktop/Other_Dev/wellsstuff2.com/app/View/Top/top.ctp, line 5]
Trace:
include - APP/View/Top/top.ctp, line 5
View::_evaluate() - CORE/Cake/View/View.php, line 920
View::_render() - CORE/Cake/View/View.php, line 883
View::render() - CORE/Cake/View/View.php, line 475
Controller::render() - CORE/Cake/Controller/Controller.php, line 957
Dispatcher::_invoke() - CORE/Cake/Routing/Dispatcher.php, line 193
Dispatcher::dispatch() - CORE/Cake/Routing/Dispatcher.php, line 161
[main] - APP/webroot/index.php, line 92

2012-07-09 16:07:33 Notice: Notice (8): Undefined variable: bob in [/Users/wellsjohnston/Desktop/Other_Dev/wellsstuff2.com/app/View/Top/top.ctp, line 5]
Trace:
include - APP/View/Top/top.ctp, line 5
View::_evaluate() - CORE/Cake/View/View.php, line 920
View::_render() - CORE/Cake/View/View.php, line 883
View::render() - CORE/Cake/View/View.php, line 475
Controller::render() - CORE/Cake/Controller/Controller.php, line 957
Dispatcher::_invoke() - CORE/Cake/Routing/Dispatcher.php, line 193
Dispatcher::dispatch() - CORE/Cake/Routing/Dispatcher.php, line 161
[main] - APP/webroot/index.php, line 92

2012-07-09 16:08:38 Notice: Notice (8): Undefined variable: bob in [/Users/wellsjohnston/Desktop/Other_Dev/wellsstuff2.com/app/View/Top/top.ctp, line 5]
Trace:
include - APP/View/Top/top.ctp, line 5
View::_evaluate() - CORE/Cake/View/View.php, line 920
View::_render() - CORE/Cake/View/View.php, line 883
View::render() - CORE/Cake/View/View.php, line 475
Controller::render() - CORE/Cake/Controller/Controller.php, line 957
Dispatcher::_invoke() - CORE/Cake/Routing/Dispatcher.php, line 193
Dispatcher::dispatch() - CORE/Cake/Routing/Dispatcher.php, line 161
[main] - APP/webroot/index.php, line 92

2012-07-09 16:40:39 Notice: Notice (8): Undefined index: content in [/Users/wellsjohnston/Desktop/Other_Dev/wellsstuff2.com/app/Model/Track.php, line 26]
Trace:
Track::syncTrack() - APP/Model/Track.php, line 26
TopController::top() - APP/Controller/TopController.php, line 41
ReflectionMethod::invokeArgs() - [internal], line ??
Controller::invokeAction() - CORE/Cake/Controller/Controller.php, line 485
Dispatcher::_invoke() - CORE/Cake/Routing/Dispatcher.php, line 186
Dispatcher::dispatch() - CORE/Cake/Routing/Dispatcher.php, line 161
[main] - APP/webroot/index.php, line 92

2012-07-09 16:40:39 Notice: Notice (8): Undefined index: content in [/Users/wellsjohnston/Desktop/Other_Dev/wellsstuff2.com/app/Model/Track.php, line 26]
Trace:
Track::syncTrack() - APP/Model/Track.php, line 26
TopController::top() - APP/Controller/TopController.php, line 41
ReflectionMethod::invokeArgs() - [internal], line ??
Controller::invokeAction() - CORE/Cake/Controller/Controller.php, line 485
Dispatcher::_invoke() - CORE/Cake/Routing/Dispatcher.php, line 186
Dispatcher::dispatch() - CORE/Cake/Routing/Dispatcher.php, line 161
[main] - APP/webroot/index.php, line 92

2012-07-09 16:40:39 Notice: Notice (8): Undefined index: content in [/Users/wellsjohnston/Desktop/Other_Dev/wellsstuff2.com/app/Model/Track.php, line 26]
Trace:
Track::syncTrack() - APP/Model/Track.php, line 26
TopController::top() - APP/Controller/TopController.php, line 41
ReflectionMethod::invokeArgs() - [internal], line ??
Controller::invokeAction() - CORE/Cake/Controller/Controller.php, line 485
Dispatcher::_invoke() - CORE/Cake/Routing/Dispatcher.php, line 186
Dispatcher::dispatch() - CORE/Cake/Routing/Dispatcher.php, line 161
[main] - APP/webroot/index.php, line 92

2012-07-09 16:40:39 Notice: Notice (8): Undefined index: content in [/Users/wellsjohnston/Desktop/Other_Dev/wellsstuff2.com/app/Model/Track.php, line 26]
Trace:
Track::syncTrack() - APP/Model/Track.php, line 26
TopController::top() - APP/Controller/TopController.php, line 41
ReflectionMethod::invokeArgs() - [internal], line ??
Controller::invokeAction() - CORE/Cake/Controller/Controller.php, line 485
Dispatcher::_invoke() - CORE/Cake/Routing/Dispatcher.php, line 186
Dispatcher::dispatch() - CORE/Cake/Routing/Dispatcher.php, line 161
[main] - APP/webroot/index.php, line 92

2012-07-09 16:40:40 Notice: Notice (8): Undefined index: content in [/Users/wellsjohnston/Desktop/Other_Dev/wellsstuff2.com/app/Model/Track.php, line 26]
Trace:
Track::syncTrack() - APP/Model/Track.php, line 26
TopController::top() - APP/Controller/TopController.php, line 41
ReflectionMethod::invokeArgs() - [internal], line ??
Controller::invokeAction() - CORE/Cake/Controller/Controller.php, line 485
Dispatcher::_invoke() - CORE/Cake/Routing/Dispatcher.php, line 186
Dispatcher::dispatch() - CORE/Cake/Routing/Dispatcher.php, line 161
[main] - APP/webroot/index.php, line 92

2012-07-09 16:40:40 Notice: Notice (8): Undefined index: content in [/Users/wellsjohnston/Desktop/Other_Dev/wellsstuff2.com/app/Model/Track.php, line 26]
Trace:
Track::syncTrack() - APP/Model/Track.php, line 26
TopController::top() - APP/Controller/TopController.php, line 41
ReflectionMethod::invokeArgs() - [internal], line ??
Controller::invokeAction() - CORE/Cake/Controller/Controller.php, line 485
Dispatcher::_invoke() - CORE/Cake/Routing/Dispatcher.php, line 186
Dispatcher::dispatch() - CORE/Cake/Routing/Dispatcher.php, line 161
[main] - APP/webroot/index.php, line 92

2012-07-09 16:40:40 Notice: Notice (8): Undefined index: content in [/Users/wellsjohnston/Desktop/Other_Dev/wellsstuff2.com/app/Model/Track.php, line 26]
Trace:
Track::syncTrack() - APP/Model/Track.php, line 26
TopController::top() - APP/Controller/TopController.php, line 41
ReflectionMethod::invokeArgs() - [internal], line ??
Controller::invokeAction() - CORE/Cake/Controller/Controller.php, line 485
Dispatcher::_invoke() - CORE/Cake/Routing/Dispatcher.php, line 186
Dispatcher::dispatch() - CORE/Cake/Routing/Dispatcher.php, line 161
[main] - APP/webroot/index.php, line 92

2012-07-09 16:40:40 Notice: Notice (8): Undefined index: content in [/Users/wellsjohnston/Desktop/Other_Dev/wellsstuff2.com/app/Model/Track.php, line 26]
Trace:
Track::syncTrack() - APP/Model/Track.php, line 26
TopController::top() - APP/Controller/TopController.php, line 41
ReflectionMethod::invokeArgs() - [internal], line ??
Controller::invokeAction() - CORE/Cake/Controller/Controller.php, line 485
Dispatcher::_invoke() - CORE/Cake/Routing/Dispatcher.php, line 186
Dispatcher::dispatch() - CORE/Cake/Routing/Dispatcher.php, line 161
[main] - APP/webroot/index.php, line 92

2012-07-09 16:40:40 Notice: Notice (8): Undefined index: content in [/Users/wellsjohnston/Desktop/Other_Dev/wellsstuff2.com/app/Model/Track.php, line 26]
Trace:
Track::syncTrack() - APP/Model/Track.php, line 26
TopController::top() - APP/Controller/TopController.php, line 41
ReflectionMethod::invokeArgs() - [internal], line ??
Controller::invokeAction() - CORE/Cake/Controller/Controller.php, line 485
Dispatcher::_invoke() - CORE/Cake/Routing/Dispatcher.php, line 186
Dispatcher::dispatch() - CORE/Cake/Routing/Dispatcher.php, line 161
[main] - APP/webroot/index.php, line 92

2012-07-09 16:40:40 Notice: Notice (8): Undefined index: content in [/Users/wellsjohnston/Desktop/Other_Dev/wellsstuff2.com/app/Model/Track.php, line 26]
Trace:
Track::syncTrack() - APP/Model/Track.php, line 26
TopController::top() - APP/Controller/TopController.php, line 41
ReflectionMethod::invokeArgs() - [internal], line ??
Controller::invokeAction() - CORE/Cake/Controller/Controller.php, line 485
Dispatcher::_invoke() - CORE/Cake/Routing/Dispatcher.php, line 186
Dispatcher::dispatch() - CORE/Cake/Routing/Dispatcher.php, line 161
[main] - APP/webroot/index.php, line 92

2012-07-09 16:40:49 Notice: Notice (8): Undefined index: content in [/Users/wellsjohnston/Desktop/Other_Dev/wellsstuff2.com/app/Model/Track.php, line 26]
Trace:
Track::syncTrack() - APP/Model/Track.php, line 26
TopController::top() - APP/Controller/TopController.php, line 41
ReflectionMethod::invokeArgs() - [internal], line ??
Controller::invokeAction() - CORE/Cake/Controller/Controller.php, line 485
Dispatcher::_invoke() - CORE/Cake/Routing/Dispatcher.php, line 186
Dispatcher::dispatch() - CORE/Cake/Routing/Dispatcher.php, line 161
[main] - APP/webroot/index.php, line 92

2012-07-09 16:41:36 Notice: Notice (8): Undefined index: content in [/Users/wellsjohnston/Desktop/Other_Dev/wellsstuff2.com/app/Model/Track.php, line 26]
Trace:
Track::syncTrack() - APP/Model/Track.php, line 26
TopController::top() - APP/Controller/TopController.php, line 41
ReflectionMethod::invokeArgs() - [internal], line ??
Controller::invokeAction() - CORE/Cake/Controller/Controller.php, line 485
Dispatcher::_invoke() - CORE/Cake/Routing/Dispatcher.php, line 186
Dispatcher::dispatch() - CORE/Cake/Routing/Dispatcher.php, line 161
[main] - APP/webroot/index.php, line 92

2012-07-09 16:41:36 Notice: Notice (8): Undefined index: content in [/Users/wellsjohnston/Desktop/Other_Dev/wellsstuff2.com/app/Model/Track.php, line 26]
Trace:
Track::syncTrack() - APP/Model/Track.php, line 26
TopController::top() - APP/Controller/TopController.php, line 41
ReflectionMethod::invokeArgs() - [internal], line ??
Controller::invokeAction() - CORE/Cake/Controller/Controller.php, line 485
Dispatcher::_invoke() - CORE/Cake/Routing/Dispatcher.php, line 186
Dispatcher::dispatch() - CORE/Cake/Routing/Dispatcher.php, line 161
[main] - APP/webroot/index.php, line 92

2012-07-09 16:41:36 Notice: Notice (8): Undefined index: content in [/Users/wellsjohnston/Desktop/Other_Dev/wellsstuff2.com/app/Model/Track.php, line 26]
Trace:
Track::syncTrack() - APP/Model/Track.php, line 26
TopController::top() - APP/Controller/TopController.php, line 41
ReflectionMethod::invokeArgs() - [internal], line ??
Controller::invokeAction() - CORE/Cake/Controller/Controller.php, line 485
Dispatcher::_invoke() - CORE/Cake/Routing/Dispatcher.php, line 186
Dispatcher::dispatch() - CORE/Cake/Routing/Dispatcher.php, line 161
[main] - APP/webroot/index.php, line 92

2012-07-09 16:41:36 Notice: Notice (8): Undefined index: content in [/Users/wellsjohnston/Desktop/Other_Dev/wellsstuff2.com/app/Model/Track.php, line 26]
Trace:
Track::syncTrack() - APP/Model/Track.php, line 26
TopController::top() - APP/Controller/TopController.php, line 41
ReflectionMethod::invokeArgs() - [internal], line ??
Controller::invokeAction() - CORE/Cake/Controller/Controller.php, line 485
Dispatcher::_invoke() - CORE/Cake/Routing/Dispatcher.php, line 186
Dispatcher::dispatch() - CORE/Cake/Routing/Dispatcher.php, line 161
[main] - APP/webroot/index.php, line 92

2012-07-09 16:41:36 Notice: Notice (8): Undefined index: content in [/Users/wellsjohnston/Desktop/Other_Dev/wellsstuff2.com/app/Model/Track.php, line 26]
Trace:
Track::syncTrack() - APP/Model/Track.php, line 26
TopController::top() - APP/Controller/TopController.php, line 41
ReflectionMethod::invokeArgs() - [internal], line ??
Controller::invokeAction() - CORE/Cake/Controller/Controller.php, line 485
Dispatcher::_invoke() - CORE/Cake/Routing/Dispatcher.php, line 186
Dispatcher::dispatch() - CORE/Cake/Routing/Dispatcher.php, line 161
[main] - APP/webroot/index.php, line 92

2012-07-09 16:41:36 Notice: Notice (8): Undefined index: content in [/Users/wellsjohnston/Desktop/Other_Dev/wellsstuff2.com/app/Model/Track.php, line 26]
Trace:
Track::syncTrack() - APP/Model/Track.php, line 26
TopController::top() - APP/Controller/TopController.php, line 41
ReflectionMethod::invokeArgs() - [internal], line ??
Controller::invokeAction() - CORE/Cake/Controller/Controller.php, line 485
Dispatcher::_invoke() - CORE/Cake/Routing/Dispatcher.php, line 186
Dispatcher::dispatch() - CORE/Cake/Routing/Dispatcher.php, line 161
[main] - APP/webroot/index.php, line 92

2012-07-09 16:41:36 Notice: Notice (8): Undefined index: content in [/Users/wellsjohnston/Desktop/Other_Dev/wellsstuff2.com/app/Model/Track.php, line 26]
Trace:
Track::syncTrack() - APP/Model/Track.php, line 26
TopController::top() - APP/Controller/TopController.php, line 41
ReflectionMethod::invokeArgs() - [internal], line ??
Controller::invokeAction() - CORE/Cake/Controller/Controller.php, line 485
Dispatcher::_invoke() - CORE/Cake/Routing/Dispatcher.php, line 186
Dispatcher::dispatch() - CORE/Cake/Routing/Dispatcher.php, line 161
[main] - APP/webroot/index.php, line 92

2012-07-09 16:41:37 Notice: Notice (8): Undefined index: content in [/Users/wellsjohnston/Desktop/Other_Dev/wellsstuff2.com/app/Model/Track.php, line 26]
Trace:
Track::syncTrack() - APP/Model/Track.php, line 26
TopController::top() - APP/Controller/TopController.php, line 41
ReflectionMethod::invokeArgs() - [internal], line ??
Controller::invokeAction() - CORE/Cake/Controller/Controller.php, line 485
Dispatcher::_invoke() - CORE/Cake/Routing/Dispatcher.php, line 186
Dispatcher::dispatch() - CORE/Cake/Routing/Dispatcher.php, line 161
[main] - APP/webroot/index.php, line 92

2012-07-09 16:41:37 Notice: Notice (8): Undefined index: content in [/Users/wellsjohnston/Desktop/Other_Dev/wellsstuff2.com/app/Model/Track.php, line 26]
Trace:
Track::syncTrack() - APP/Model/Track.php, line 26
TopController::top() - APP/Controller/TopController.php, line 41
ReflectionMethod::invokeArgs() - [internal], line ??
Controller::invokeAction() - CORE/Cake/Controller/Controller.php, line 485
Dispatcher::_invoke() - CORE/Cake/Routing/Dispatcher.php, line 186
Dispatcher::dispatch() - CORE/Cake/Routing/Dispatcher.php, line 161
[main] - APP/webroot/index.php, line 92

2012-07-09 16:41:37 Notice: Notice (8): Undefined index: content in [/Users/wellsjohnston/Desktop/Other_Dev/wellsstuff2.com/app/Model/Track.php, line 26]
Trace:
Track::syncTrack() - APP/Model/Track.php, line 26
TopController::top() - APP/Controller/TopController.php, line 41
ReflectionMethod::invokeArgs() - [internal], line ??
Controller::invokeAction() - CORE/Cake/Controller/Controller.php, line 485
Dispatcher::_invoke() - CORE/Cake/Routing/Dispatcher.php, line 186
Dispatcher::dispatch() - CORE/Cake/Routing/Dispatcher.php, line 161
[main] - APP/webroot/index.php, line 92

2012-07-09 16:43:25 Notice: Notice (8): Undefined index: content in [/Users/wellsjohnston/Desktop/Other_Dev/wellsstuff2.com/app/Model/Track.php, line 26]
Trace:
Track::syncTrack() - APP/Model/Track.php, line 26
TopController::top() - APP/Controller/TopController.php, line 41
ReflectionMethod::invokeArgs() - [internal], line ??
Controller::invokeAction() - CORE/Cake/Controller/Controller.php, line 485
Dispatcher::_invoke() - CORE/Cake/Routing/Dispatcher.php, line 186
Dispatcher::dispatch() - CORE/Cake/Routing/Dispatcher.php, line 161
[main] - APP/webroot/index.php, line 92

2012-07-09 16:43:25 Notice: Notice (8): Undefined index: content in [/Users/wellsjohnston/Desktop/Other_Dev/wellsstuff2.com/app/Model/Track.php, line 26]
Trace:
Track::syncTrack() - APP/Model/Track.php, line 26
TopController::top() - APP/Controller/TopController.php, line 41
ReflectionMethod::invokeArgs() - [internal], line ??
Controller::invokeAction() - CORE/Cake/Controller/Controller.php, line 485
Dispatcher::_invoke() - CORE/Cake/Routing/Dispatcher.php, line 186
Dispatcher::dispatch() - CORE/Cake/Routing/Dispatcher.php, line 161
[main] - APP/webroot/index.php, line 92

2012-07-09 16:43:26 Notice: Notice (8): Undefined index: content in [/Users/wellsjohnston/Desktop/Other_Dev/wellsstuff2.com/app/Model/Track.php, line 26]
Trace:
Track::syncTrack() - APP/Model/Track.php, line 26
TopController::top() - APP/Controller/TopController.php, line 41
ReflectionMethod::invokeArgs() - [internal], line ??
Controller::invokeAction() - CORE/Cake/Controller/Controller.php, line 485
Dispatcher::_invoke() - CORE/Cake/Routing/Dispatcher.php, line 186
Dispatcher::dispatch() - CORE/Cake/Routing/Dispatcher.php, line 161
[main] - APP/webroot/index.php, line 92

2012-07-09 16:43:26 Notice: Notice (8): Undefined index: content in [/Users/wellsjohnston/Desktop/Other_Dev/wellsstuff2.com/app/Model/Track.php, line 26]
Trace:
Track::syncTrack() - APP/Model/Track.php, line 26
TopController::top() - APP/Controller/TopController.php, line 41
ReflectionMethod::invokeArgs() - [internal], line ??
Controller::invokeAction() - CORE/Cake/Controller/Controller.php, line 485
Dispatcher::_invoke() - CORE/Cake/Routing/Dispatcher.php, line 186
Dispatcher::dispatch() - CORE/Cake/Routing/Dispatcher.php, line 161
[main] - APP/webroot/index.php, line 92

2012-07-09 16:43:26 Notice: Notice (8): Undefined index: content in [/Users/wellsjohnston/Desktop/Other_Dev/wellsstuff2.com/app/Model/Track.php, line 26]
Trace:
Track::syncTrack() - APP/Model/Track.php, line 26
TopController::top() - APP/Controller/TopController.php, line 41
ReflectionMethod::invokeArgs() - [internal], line ??
Controller::invokeAction() - CORE/Cake/Controller/Controller.php, line 485
Dispatcher::_invoke() - CORE/Cake/Routing/Dispatcher.php, line 186
Dispatcher::dispatch() - CORE/Cake/Routing/Dispatcher.php, line 161
[main] - APP/webroot/index.php, line 92

2012-07-09 16:43:26 Notice: Notice (8): Undefined index: content in [/Users/wellsjohnston/Desktop/Other_Dev/wellsstuff2.com/app/Model/Track.php, line 26]
Trace:
Track::syncTrack() - APP/Model/Track.php, line 26
TopController::top() - APP/Controller/TopController.php, line 41
ReflectionMethod::invokeArgs() - [internal], line ??
Controller::invokeAction() - CORE/Cake/Controller/Controller.php, line 485
Dispatcher::_invoke() - CORE/Cake/Routing/Dispatcher.php, line 186
Dispatcher::dispatch() - CORE/Cake/Routing/Dispatcher.php, line 161
[main] - APP/webroot/index.php, line 92

2012-07-09 16:43:26 Notice: Notice (8): Undefined index: content in [/Users/wellsjohnston/Desktop/Other_Dev/wellsstuff2.com/app/Model/Track.php, line 26]
Trace:
Track::syncTrack() - APP/Model/Track.php, line 26
TopController::top() - APP/Controller/TopController.php, line 41
ReflectionMethod::invokeArgs() - [internal], line ??
Controller::invokeAction() - CORE/Cake/Controller/Controller.php, line 485
Dispatcher::_invoke() - CORE/Cake/Routing/Dispatcher.php, line 186
Dispatcher::dispatch() - CORE/Cake/Routing/Dispatcher.php, line 161
[main] - APP/webroot/index.php, line 92

2012-07-09 16:43:26 Notice: Notice (8): Undefined index: content in [/Users/wellsjohnston/Desktop/Other_Dev/wellsstuff2.com/app/Model/Track.php, line 26]
Trace:
Track::syncTrack() - APP/Model/Track.php, line 26
TopController::top() - APP/Controller/TopController.php, line 41
ReflectionMethod::invokeArgs() - [internal], line ??
Controller::invokeAction() - CORE/Cake/Controller/Controller.php, line 485
Dispatcher::_invoke() - CORE/Cake/Routing/Dispatcher.php, line 186
Dispatcher::dispatch() - CORE/Cake/Routing/Dispatcher.php, line 161
[main] - APP/webroot/index.php, line 92

2012-07-09 16:43:26 Notice: Notice (8): Undefined index: content in [/Users/wellsjohnston/Desktop/Other_Dev/wellsstuff2.com/app/Model/Track.php, line 26]
Trace:
Track::syncTrack() - APP/Model/Track.php, line 26
TopController::top() - APP/Controller/TopController.php, line 41
ReflectionMethod::invokeArgs() - [internal], line ??
Controller::invokeAction() - CORE/Cake/Controller/Controller.php, line 485
Dispatcher::_invoke() - CORE/Cake/Routing/Dispatcher.php, line 186
Dispatcher::dispatch() - CORE/Cake/Routing/Dispatcher.php, line 161
[main] - APP/webroot/index.php, line 92

2012-07-09 16:43:26 Notice: Notice (8): Undefined index: content in [/Users/wellsjohnston/Desktop/Other_Dev/wellsstuff2.com/app/Model/Track.php, line 26]
Trace:
Track::syncTrack() - APP/Model/Track.php, line 26
TopController::top() - APP/Controller/TopController.php, line 41
ReflectionMethod::invokeArgs() - [internal], line ??
Controller::invokeAction() - CORE/Cake/Controller/Controller.php, line 485
Dispatcher::_invoke() - CORE/Cake/Routing/Dispatcher.php, line 186
Dispatcher::dispatch() - CORE/Cake/Routing/Dispatcher.php, line 161
[main] - APP/webroot/index.php, line 92

2012-07-09 16:43:39 Notice: Notice (8): Undefined index: content in [/Users/wellsjohnston/Desktop/Other_Dev/wellsstuff2.com/app/Model/Track.php, line 26]
Trace:
Track::syncTrack() - APP/Model/Track.php, line 26
TopController::top() - APP/Controller/TopController.php, line 41
ReflectionMethod::invokeArgs() - [internal], line ??
Controller::invokeAction() - CORE/Cake/Controller/Controller.php, line 485
Dispatcher::_invoke() - CORE/Cake/Routing/Dispatcher.php, line 186
Dispatcher::dispatch() - CORE/Cake/Routing/Dispatcher.php, line 161
[main] - APP/webroot/index.php, line 92

2012-07-09 16:45:32 Notice: Notice (8): Undefined index: content in [/Users/wellsjohnston/Desktop/Other_Dev/wellsstuff2.com/app/Model/Track.php, line 26]
Trace:
Track::syncTrack() - APP/Model/Track.php, line 26
TopController::top() - APP/Controller/TopController.php, line 41
ReflectionMethod::invokeArgs() - [internal], line ??
Controller::invokeAction() - CORE/Cake/Controller/Controller.php, line 485
Dispatcher::_invoke() - CORE/Cake/Routing/Dispatcher.php, line 186
Dispatcher::dispatch() - CORE/Cake/Routing/Dispatcher.php, line 161
[main] - APP/webroot/index.php, line 92

2012-07-09 16:45:32 Notice: Notice (8): Undefined index: content in [/Users/wellsjohnston/Desktop/Other_Dev/wellsstuff2.com/app/Model/Track.php, line 26]
Trace:
Track::syncTrack() - APP/Model/Track.php, line 26
TopController::top() - APP/Controller/TopController.php, line 41
ReflectionMethod::invokeArgs() - [internal], line ??
Controller::invokeAction() - CORE/Cake/Controller/Controller.php, line 485
Dispatcher::_invoke() - CORE/Cake/Routing/Dispatcher.php, line 186
Dispatcher::dispatch() - CORE/Cake/Routing/Dispatcher.php, line 161
[main] - APP/webroot/index.php, line 92

2012-07-09 16:45:33 Notice: Notice (8): Undefined index: content in [/Users/wellsjohnston/Desktop/Other_Dev/wellsstuff2.com/app/Model/Track.php, line 26]
Trace:
Track::syncTrack() - APP/Model/Track.php, line 26
TopController::top() - APP/Controller/TopController.php, line 41
ReflectionMethod::invokeArgs() - [internal], line ??
Controller::invokeAction() - CORE/Cake/Controller/Controller.php, line 485
Dispatcher::_invoke() - CORE/Cake/Routing/Dispatcher.php, line 186
Dispatcher::dispatch() - CORE/Cake/Routing/Dispatcher.php, line 161
[main] - APP/webroot/index.php, line 92

2012-07-09 16:45:33 Notice: Notice (8): Undefined index: content in [/Users/wellsjohnston/Desktop/Other_Dev/wellsstuff2.com/app/Model/Track.php, line 26]
Trace:
Track::syncTrack() - APP/Model/Track.php, line 26
TopController::top() - APP/Controller/TopController.php, line 41
ReflectionMethod::invokeArgs() - [internal], line ??
Controller::invokeAction() - CORE/Cake/Controller/Controller.php, line 485
Dispatcher::_invoke() - CORE/Cake/Routing/Dispatcher.php, line 186
Dispatcher::dispatch() - CORE/Cake/Routing/Dispatcher.php, line 161
[main] - APP/webroot/index.php, line 92

2012-07-09 16:45:33 Notice: Notice (8): Undefined index: content in [/Users/wellsjohnston/Desktop/Other_Dev/wellsstuff2.com/app/Model/Track.php, line 26]
Trace:
Track::syncTrack() - APP/Model/Track.php, line 26
TopController::top() - APP/Controller/TopController.php, line 41
ReflectionMethod::invokeArgs() - [internal], line ??
Controller::invokeAction() - CORE/Cake/Controller/Controller.php, line 485
Dispatcher::_invoke() - CORE/Cake/Routing/Dispatcher.php, line 186
Dispatcher::dispatch() - CORE/Cake/Routing/Dispatcher.php, line 161
[main] - APP/webroot/index.php, line 92

2012-07-09 16:45:33 Notice: Notice (8): Undefined index: content in [/Users/wellsjohnston/Desktop/Other_Dev/wellsstuff2.com/app/Model/Track.php, line 26]
Trace:
Track::syncTrack() - APP/Model/Track.php, line 26
TopController::top() - APP/Controller/TopController.php, line 41
ReflectionMethod::invokeArgs() - [internal], line ??
Controller::invokeAction() - CORE/Cake/Controller/Controller.php, line 485
Dispatcher::_invoke() - CORE/Cake/Routing/Dispatcher.php, line 186
Dispatcher::dispatch() - CORE/Cake/Routing/Dispatcher.php, line 161
[main] - APP/webroot/index.php, line 92

2012-07-09 16:45:33 Notice: Notice (8): Undefined index: content in [/Users/wellsjohnston/Desktop/Other_Dev/wellsstuff2.com/app/Model/Track.php, line 26]
Trace:
Track::syncTrack() - APP/Model/Track.php, line 26
TopController::top() - APP/Controller/TopController.php, line 41
ReflectionMethod::invokeArgs() - [internal], line ??
Controller::invokeAction() - CORE/Cake/Controller/Controller.php, line 485
Dispatcher::_invoke() - CORE/Cake/Routing/Dispatcher.php, line 186
Dispatcher::dispatch() - CORE/Cake/Routing/Dispatcher.php, line 161
[main] - APP/webroot/index.php, line 92

2012-07-09 16:45:33 Notice: Notice (8): Undefined index: content in [/Users/wellsjohnston/Desktop/Other_Dev/wellsstuff2.com/app/Model/Track.php, line 26]
Trace:
Track::syncTrack() - APP/Model/Track.php, line 26
TopController::top() - APP/Controller/TopController.php, line 41
ReflectionMethod::invokeArgs() - [internal], line ??
Controller::invokeAction() - CORE/Cake/Controller/Controller.php, line 485
Dispatcher::_invoke() - CORE/Cake/Routing/Dispatcher.php, line 186
Dispatcher::dispatch() - CORE/Cake/Routing/Dispatcher.php, line 161
[main] - APP/webroot/index.php, line 92

2012-07-09 16:45:33 Notice: Notice (8): Undefined index: content in [/Users/wellsjohnston/Desktop/Other_Dev/wellsstuff2.com/app/Model/Track.php, line 26]
Trace:
Track::syncTrack() - APP/Model/Track.php, line 26
TopController::top() - APP/Controller/TopController.php, line 41
ReflectionMethod::invokeArgs() - [internal], line ??
Controller::invokeAction() - CORE/Cake/Controller/Controller.php, line 485
Dispatcher::_invoke() - CORE/Cake/Routing/Dispatcher.php, line 186
Dispatcher::dispatch() - CORE/Cake/Routing/Dispatcher.php, line 161
[main] - APP/webroot/index.php, line 92

2012-07-09 16:45:33 Notice: Notice (8): Undefined index: content in [/Users/wellsjohnston/Desktop/Other_Dev/wellsstuff2.com/app/Model/Track.php, line 26]
Trace:
Track::syncTrack() - APP/Model/Track.php, line 26
TopController::top() - APP/Controller/TopController.php, line 41
ReflectionMethod::invokeArgs() - [internal], line ??
Controller::invokeAction() - CORE/Cake/Controller/Controller.php, line 485
Dispatcher::_invoke() - CORE/Cake/Routing/Dispatcher.php, line 186
Dispatcher::dispatch() - CORE/Cake/Routing/Dispatcher.php, line 161
[main] - APP/webroot/index.php, line 92

2012-07-09 16:45:43 Notice: Notice (8): Undefined index: content in [/Users/wellsjohnston/Desktop/Other_Dev/wellsstuff2.com/app/Model/Track.php, line 26]
Trace:
Track::syncTrack() - APP/Model/Track.php, line 26
TopController::top() - APP/Controller/TopController.php, line 41
ReflectionMethod::invokeArgs() - [internal], line ??
Controller::invokeAction() - CORE/Cake/Controller/Controller.php, line 485
Dispatcher::_invoke() - CORE/Cake/Routing/Dispatcher.php, line 186
Dispatcher::dispatch() - CORE/Cake/Routing/Dispatcher.php, line 161
[main] - APP/webroot/index.php, line 92

2012-07-09 16:45:59 Notice: Notice (8): Undefined index: content in [/Users/wellsjohnston/Desktop/Other_Dev/wellsstuff2.com/app/Model/Track.php, line 26]
Trace:
Track::syncTrack() - APP/Model/Track.php, line 26
TopController::top() - APP/Controller/TopController.php, line 41
ReflectionMethod::invokeArgs() - [internal], line ??
Controller::invokeAction() - CORE/Cake/Controller/Controller.php, line 485
Dispatcher::_invoke() - CORE/Cake/Routing/Dispatcher.php, line 186
Dispatcher::dispatch() - CORE/Cake/Routing/Dispatcher.php, line 161
[main] - APP/webroot/index.php, line 92

2012-07-09 16:46:27 Notice: Notice (8): Array to string conversion in [/Users/wellsjohnston/Desktop/Other_Dev/wellsstuff2.com/lib/Cake/Model/Datasource/DboSource.php, line 1006]
Trace:
implode - [internal], line ??
DboSource::create() - CORE/Cake/Model/Datasource/DboSource.php, line 1006
Model::save() - CORE/Cake/Model/Model.php, line 1730
Track::syncTrack() - APP/Model/Track.php, line 31
TopController::top() - APP/Controller/TopController.php, line 41
ReflectionMethod::invokeArgs() - [internal], line ??
Controller::invokeAction() - CORE/Cake/Controller/Controller.php, line 485
Dispatcher::_invoke() - CORE/Cake/Routing/Dispatcher.php, line 186
Dispatcher::dispatch() - CORE/Cake/Routing/Dispatcher.php, line 161
[main] - APP/webroot/index.php, line 92

