2012-07-09 10:46:13 Error: [PDOException] SQLSTATE[42000]: Syntax error or access violation: 1064 You have an error in your SQL syntax; check the manual that corresponds to your MySQL server version for the right syntax to use near 'helloWorld' at line 1
#0 /Users/wellsjohnston/Desktop/Other_Dev/wellsstuff2.com/lib/Cake/Model/Datasource/DboSource.php(461): PDOStatement->execute(Array)
#1 /Users/wellsjohnston/Desktop/Other_Dev/wellsstuff2.com/lib/Cake/Model/Datasource/DboSource.php(427): DboSource->_execute('helloWorld', Array)
#2 /Users/wellsjohnston/Desktop/Other_Dev/wellsstuff2.com/lib/Cake/Model/Datasource/DboSource.php(671): DboSource->execute('helloWorld', Array, Array)
#3 /Users/wellsjohnston/Desktop/Other_Dev/wellsstuff2.com/lib/Cake/Model/Datasource/DboSource.php(613): DboSource->fetchAll('helloWorld', Array, Array)
#4 /Users/wellsjohnston/Desktop/Other_Dev/wellsstuff2.com/lib/Cake/Model/Model.php(784): DboSource->query('helloWorld', Array, Object(AppModel))
#5 /Users/wellsjohnston/Desktop/Other_Dev/wellsstuff2.com/app/Controller/TopController.php(48): Model->__call('helloWorld', Array)
#6 /Users/wellsjohnston/Desktop/Other_Dev/wellsstuff2.com/app/Controller/TopController.php(48): AppModel->helloWorld()
#7 [internal function]: TopController->top()
#8 /Users/wellsjohnston/Desktop/Other_Dev/wellsstuff2.com/lib/Cake/Controller/Controller.php(485): ReflectionMethod->invokeArgs(Object(TopController), Array)
#9 /Users/wellsjohnston/Desktop/Other_Dev/wellsstuff2.com/lib/Cake/Routing/Dispatcher.php(186): Controller->invokeAction(Object(CakeRequest))
#10 /Users/wellsjohnston/Desktop/Other_Dev/wellsstuff2.com/lib/Cake/Routing/Dispatcher.php(161): Dispatcher->_invoke(Object(TopController), Object(CakeRequest), Object(CakeResponse))
#11 /Users/wellsjohnston/Desktop/Other_Dev/wellsstuff2.com/app/webroot/index.php(92): Dispatcher->dispatch(Object(CakeRequest), Object(CakeResponse))
#12 {main}
2012-07-09 10:50:47 Error: [MissingControllerException] Controller class SongController could not be found.
#0 /Users/wellsjohnston/Desktop/Other_Dev/wellsstuff2.com/app/webroot/index.php(92): Dispatcher->dispatch(Object(CakeRequest), Object(CakeResponse))
#1 {main}
2012-07-09 10:54:51 Error: [MissingControllerException] Controller class SongController could not be found.
#0 /Users/wellsjohnston/Desktop/Other_Dev/wellsstuff2.com/app/webroot/index.php(92): Dispatcher->dispatch(Object(CakeRequest), Object(CakeResponse))
#1 {main}
2012-07-09 10:55:19 Error: [MissingTableException] Table tracks for model Track was not found in datasource default.
#0 /Users/wellsjohnston/Desktop/Other_Dev/wellsstuff2.com/lib/Cake/Model/Model.php(3180): Model->setSource('tracks')
#1 /Users/wellsjohnston/Desktop/Other_Dev/wellsstuff2.com/lib/Cake/Model/Model.php(784): Model->getDataSource()
#2 /Users/wellsjohnston/Desktop/Other_Dev/wellsstuff2.com/app/Model/Track.php(10): Model->__call('findById', Array)
#3 /Users/wellsjohnston/Desktop/Other_Dev/wellsstuff2.com/app/Model/Track.php(10): Track->findById(1)
#4 /Users/wellsjohnston/Desktop/Other_Dev/wellsstuff2.com/app/Controller/TrackController.php(10): Track->upvote(1)
#5 [internal function]: TrackController->upvote()
#6 /Users/wellsjohnston/Desktop/Other_Dev/wellsstuff2.com/lib/Cake/Controller/Controller.php(485): ReflectionMethod->invokeArgs(Object(TrackController), Array)
#7 /Users/wellsjohnston/Desktop/Other_Dev/wellsstuff2.com/lib/Cake/Routing/Dispatcher.php(186): Controller->invokeAction(Object(CakeRequest))
#8 /Users/wellsjohnston/Desktop/Other_Dev/wellsstuff2.com/lib/Cake/Routing/Dispatcher.php(161): Dispatcher->_invoke(Object(TrackController), Object(CakeRequest), Object(CakeResponse))
#9 /Users/wellsjohnston/Desktop/Other_Dev/wellsstuff2.com/app/webroot/index.php(92): Dispatcher->dispatch(Object(CakeRequest), Object(CakeResponse))
#10 {main}
2012-07-09 13:00:50 Error: [MissingControllerException] Controller class CssController could not be found.
#0 /Users/wellsjohnston/Desktop/Other_Dev/wellsstuff2.com/app/webroot/index.php(92): Dispatcher->dispatch(Object(CakeRequest), Object(CakeResponse))
#1 {main}
2012-07-09 14:24:41 Error: Fatal Error (1): Call to undefined function pre_var_dump() in [/Users/wellsjohnston/Desktop/Other_Dev/wellsstuff2.com/app/Controller/TopController.php, line 37]
2012-07-09 14:24:41 Error: [FatalErrorException] Call to undefined function pre_var_dump()
#0 /Users/wellsjohnston/Desktop/Other_Dev/wellsstuff2.com/lib/Cake/Error/ErrorHandler.php(162): ErrorHandler::handleFatalError(1, 'Call to undefin...', '/Users/wellsjoh...', 37)
#1 [internal function]: ErrorHandler::handleError(1, 'Call to undefin...', '/Users/wellsjoh...', 37, Array)
#2 /Users/wellsjohnston/Desktop/Other_Dev/wellsstuff2.com/lib/Cake/Core/App.php(926): call_user_func('ErrorHandler::h...', 1, 'Call to undefin...', '/Users/wellsjoh...', 37, Array)
#3 /Users/wellsjohnston/Desktop/Other_Dev/wellsstuff2.com/lib/Cake/Core/App.php(899): App::_checkFatalError()
#4 [internal function]: App::shutdown()
#5 {main}
2012-07-09 16:33:12 Error: [PDOException] SQLSTATE[42S22]: Column not found: 1054 Unknown column 'Track.uri' in 'field list'
#0 /Users/wellsjohnston/Desktop/Other_Dev/wellsstuff2.com/lib/Cake/Model/Datasource/DboSource.php(461): PDOStatement->execute(Array)
#1 /Users/wellsjohnston/Desktop/Other_Dev/wellsstuff2.com/lib/Cake/Model/Datasource/DboSource.php(427): DboSource->_execute('SELECT `Track`....', Array)
#2 /Users/wellsjohnston/Desktop/Other_Dev/wellsstuff2.com/lib/Cake/Model/Datasource/DboSource.php(671): DboSource->execute('SELECT `Track`....', Array, Array)
#3 /Users/wellsjohnston/Desktop/Other_Dev/wellsstuff2.com/lib/Cake/Model/Datasource/DboSource.php(1082): DboSource->fetchAll('SELECT `Track`....', false)
#4 /Users/wellsjohnston/Desktop/Other_Dev/wellsstuff2.com/lib/Cake/Model/Model.php(2631): DboSource->read(Object(Track), Array)
#5 /Users/wellsjohnston/Desktop/Other_Dev/wellsstuff2.com/lib/Cake/Model/Datasource/DboSource.php(600): Model->find('first', Array)
#6 /Users/wellsjohnston/Desktop/Other_Dev/wellsstuff2.com/lib/Cake/Model/Model.php(784): DboSource->query('findById', Array, Object(Track))
#7 /Users/wellsjohnston/Desktop/Other_Dev/wellsstuff2.com/app/Controller/TopController.php(39): Model->__call('findById', Array)
#8 /Users/wellsjohnston/Desktop/Other_Dev/wellsstuff2.com/app/Controller/TopController.php(39): Track->findById(51817661)
#9 [internal function]: TopController->top()
#10 /Users/wellsjohnston/Desktop/Other_Dev/wellsstuff2.com/lib/Cake/Controller/Controller.php(485): ReflectionMethod->invokeArgs(Object(TopController), Array)
#11 /Users/wellsjohnston/Desktop/Other_Dev/wellsstuff2.com/lib/Cake/Routing/Dispatcher.php(186): Controller->invokeAction(Object(CakeRequest))
#12 /Users/wellsjohnston/Desktop/Other_Dev/wellsstuff2.com/lib/Cake/Routing/Dispatcher.php(161): Dispatcher->_invoke(Object(TopController), Object(CakeRequest), Object(CakeResponse))
#13 /Users/wellsjohnston/Desktop/Other_Dev/wellsstuff2.com/app/webroot/index.php(92): Dispatcher->dispatch(Object(CakeRequest), Object(CakeResponse))
#14 {main}
2012-07-09 16:34:00 Error: [PDOException] SQLSTATE[42S22]: Column not found: 1054 Unknown column 'Track.uri' in 'field list'
#0 /Users/wellsjohnston/Desktop/Other_Dev/wellsstuff2.com/lib/Cake/Model/Datasource/DboSource.php(461): PDOStatement->execute(Array)
#1 /Users/wellsjohnston/Desktop/Other_Dev/wellsstuff2.com/lib/Cake/Model/Datasource/DboSource.php(427): DboSource->_execute('SELECT `Track`....', Array)
#2 /Users/wellsjohnston/Desktop/Other_Dev/wellsstuff2.com/lib/Cake/Model/Datasource/DboSource.php(671): DboSource->execute('SELECT `Track`....', Array, Array)
#3 /Users/wellsjohnston/Desktop/Other_Dev/wellsstuff2.com/lib/Cake/Model/Datasource/DboSource.php(1082): DboSource->fetchAll('SELECT `Track`....', false)
#4 /Users/wellsjohnston/Desktop/Other_Dev/wellsstuff2.com/lib/Cake/Model/Model.php(2631): DboSource->read(Object(Track), Array)
#5 /Users/wellsjohnston/Desktop/Other_Dev/wellsstuff2.com/lib/Cake/Model/Datasource/DboSource.php(600): Model->find('first', Array)
#6 /Users/wellsjohnston/Desktop/Other_Dev/wellsstuff2.com/lib/Cake/Model/Model.php(784): DboSource->query('findById', Array, Object(Track))
#7 /Users/wellsjohnston/Desktop/Other_Dev/wellsstuff2.com/app/Controller/TopController.php(39): Model->__call('findById', Array)
#8 /Users/wellsjohnston/Desktop/Other_Dev/wellsstuff2.com/app/Controller/TopController.php(39): Track->findById(51817661)
#9 [internal function]: TopController->top()
#10 /Users/wellsjohnston/Desktop/Other_Dev/wellsstuff2.com/lib/Cake/Controller/Controller.php(485): ReflectionMethod->invokeArgs(Object(TopController), Array)
#11 /Users/wellsjohnston/Desktop/Other_Dev/wellsstuff2.com/lib/Cake/Routing/Dispatcher.php(186): Controller->invokeAction(Object(CakeRequest))
#12 /Users/wellsjohnston/Desktop/Other_Dev/wellsstuff2.com/lib/Cake/Routing/Dispatcher.php(161): Dispatcher->_invoke(Object(TopController), Object(CakeRequest), Object(CakeResponse))
#13 /Users/wellsjohnston/Desktop/Other_Dev/wellsstuff2.com/app/webroot/index.php(92): Dispatcher->dispatch(Object(CakeRequest), Object(CakeResponse))
#14 {main}
2012-07-09 16:34:28 Error: [PDOException] SQLSTATE[42S22]: Column not found: 1054 Unknown column 'Track.uri' in 'field list'
#0 /Users/wellsjohnston/Desktop/Other_Dev/wellsstuff2.com/lib/Cake/Model/Datasource/DboSource.php(461): PDOStatement->execute(Array)
#1 /Users/wellsjohnston/Desktop/Other_Dev/wellsstuff2.com/lib/Cake/Model/Datasource/DboSource.php(427): DboSource->_execute('SELECT `Track`....', Array)
#2 /Users/wellsjohnston/Desktop/Other_Dev/wellsstuff2.com/lib/Cake/Model/Datasource/DboSource.php(671): DboSource->execute('SELECT `Track`....', Array, Array)
#3 /Users/wellsjohnston/Desktop/Other_Dev/wellsstuff2.com/lib/Cake/Model/Datasource/DboSource.php(1082): DboSource->fetchAll('SELECT `Track`....', false)
#4 /Users/wellsjohnston/Desktop/Other_Dev/wellsstuff2.com/lib/Cake/Model/Model.php(2631): DboSource->read(Object(Track), Array)
#5 /Users/wellsjohnston/Desktop/Other_Dev/wellsstuff2.com/lib/Cake/Model/Datasource/DboSource.php(600): Model->find('first', Array)
#6 /Users/wellsjohnston/Desktop/Other_Dev/wellsstuff2.com/lib/Cake/Model/Model.php(784): DboSource->query('findById', Array, Object(Track))
#7 /Users/wellsjohnston/Desktop/Other_Dev/wellsstuff2.com/app/Controller/TopController.php(39): Model->__call('findById', Array)
#8 /Users/wellsjohnston/Desktop/Other_Dev/wellsstuff2.com/app/Controller/TopController.php(39): Track->findById(51817661)
#9 [internal function]: TopController->top()
#10 /Users/wellsjohnston/Desktop/Other_Dev/wellsstuff2.com/lib/Cake/Controller/Controller.php(485): ReflectionMethod->invokeArgs(Object(TopController), Array)
#11 /Users/wellsjohnston/Desktop/Other_Dev/wellsstuff2.com/lib/Cake/Routing/Dispatcher.php(186): Controller->invokeAction(Object(CakeRequest))
#12 /Users/wellsjohnston/Desktop/Other_Dev/wellsstuff2.com/lib/Cake/Routing/Dispatcher.php(161): Dispatcher->_invoke(Object(TopController), Object(CakeRequest), Object(CakeResponse))
#13 /Users/wellsjohnston/Desktop/Other_Dev/wellsstuff2.com/app/webroot/index.php(92): Dispatcher->dispatch(Object(CakeRequest), Object(CakeResponse))
#14 {main}
2012-07-09 16:36:49 Error: [PDOException] SQLSTATE[42S22]: Column not found: 1054 Unknown column 'Track.uri' in 'field list'
#0 /Users/wellsjohnston/Desktop/Other_Dev/wellsstuff2.com/lib/Cake/Model/Datasource/DboSource.php(461): PDOStatement->execute(Array)
#1 /Users/wellsjohnston/Desktop/Other_Dev/wellsstuff2.com/lib/Cake/Model/Datasource/DboSource.php(427): DboSource->_execute('SELECT `Track`....', Array)
#2 /Users/wellsjohnston/Desktop/Other_Dev/wellsstuff2.com/lib/Cake/Model/Datasource/DboSource.php(671): DboSource->execute('SELECT `Track`....', Array, Array)
#3 /Users/wellsjohnston/Desktop/Other_Dev/wellsstuff2.com/lib/Cake/Model/Datasource/DboSource.php(1082): DboSource->fetchAll('SELECT `Track`....', false)
#4 /Users/wellsjohnston/Desktop/Other_Dev/wellsstuff2.com/lib/Cake/Model/Model.php(2631): DboSource->read(Object(Track), Array)
#5 /Users/wellsjohnston/Desktop/Other_Dev/wellsstuff2.com/lib/Cake/Model/Datasource/DboSource.php(600): Model->find('first', Array)
#6 /Users/wellsjohnston/Desktop/Other_Dev/wellsstuff2.com/lib/Cake/Model/Model.php(784): DboSource->query('findById', Array, Object(Track))
#7 /Users/wellsjohnston/Desktop/Other_Dev/wellsstuff2.com/app/Controller/TopController.php(39): Model->__call('findById', Array)
#8 /Users/wellsjohnston/Desktop/Other_Dev/wellsstuff2.com/app/Controller/TopController.php(39): Track->findById(51817661)
#9 [internal function]: TopController->top()
#10 /Users/wellsjohnston/Desktop/Other_Dev/wellsstuff2.com/lib/Cake/Controller/Controller.php(485): ReflectionMethod->invokeArgs(Object(TopController), Array)
#11 /Users/wellsjohnston/Desktop/Other_Dev/wellsstuff2.com/lib/Cake/Routing/Dispatcher.php(186): Controller->invokeAction(Object(CakeRequest))
#12 /Users/wellsjohnston/Desktop/Other_Dev/wellsstuff2.com/lib/Cake/Routing/Dispatcher.php(161): Dispatcher->_invoke(Object(TopController), Object(CakeRequest), Object(CakeResponse))
#13 /Users/wellsjohnston/Desktop/Other_Dev/wellsstuff2.com/app/webroot/index.php(92): Dispatcher->dispatch(Object(CakeRequest), Object(CakeResponse))
#14 {main}
2012-07-09 16:37:10 Error: [PDOException] SQLSTATE[42S22]: Column not found: 1054 Unknown column 'Track.uri' in 'field list'
#0 /Users/wellsjohnston/Desktop/Other_Dev/wellsstuff2.com/lib/Cake/Model/Datasource/DboSource.php(461): PDOStatement->execute(Array)
#1 /Users/wellsjohnston/Desktop/Other_Dev/wellsstuff2.com/lib/Cake/Model/Datasource/DboSource.php(427): DboSource->_execute('SELECT `Track`....', Array)
#2 /Users/wellsjohnston/Desktop/Other_Dev/wellsstuff2.com/lib/Cake/Model/Datasource/DboSource.php(671): DboSource->execute('SELECT `Track`....', Array, Array)
#3 /Users/wellsjohnston/Desktop/Other_Dev/wellsstuff2.com/lib/Cake/Model/Datasource/DboSource.php(1082): DboSource->fetchAll('SELECT `Track`....', false)
#4 /Users/wellsjohnston/Desktop/Other_Dev/wellsstuff2.com/lib/Cake/Model/Model.php(2631): DboSource->read(Object(Track), Array)
#5 /Users/wellsjohnston/Desktop/Other_Dev/wellsstuff2.com/lib/Cake/Model/Datasource/DboSource.php(600): Model->find('first', Array)
#6 /Users/wellsjohnston/Desktop/Other_Dev/wellsstuff2.com/lib/Cake/Model/Model.php(784): DboSource->query('findById', Array, Object(Track))
#7 /Users/wellsjohnston/Desktop/Other_Dev/wellsstuff2.com/app/Controller/TopController.php(39): Model->__call('findById', Array)
#8 /Users/wellsjohnston/Desktop/Other_Dev/wellsstuff2.com/app/Controller/TopController.php(39): Track->findById(51817661)
#9 [internal function]: TopController->top()
#10 /Users/wellsjohnston/Desktop/Other_Dev/wellsstuff2.com/lib/Cake/Controller/Controller.php(485): ReflectionMethod->invokeArgs(Object(TopController), Array)
#11 /Users/wellsjohnston/Desktop/Other_Dev/wellsstuff2.com/lib/Cake/Routing/Dispatcher.php(186): Controller->invokeAction(Object(CakeRequest))
#12 /Users/wellsjohnston/Desktop/Other_Dev/wellsstuff2.com/lib/Cake/Routing/Dispatcher.php(161): Dispatcher->_invoke(Object(TopController), Object(CakeRequest), Object(CakeResponse))
#13 /Users/wellsjohnston/Desktop/Other_Dev/wellsstuff2.com/app/webroot/index.php(92): Dispatcher->dispatch(Object(CakeRequest), Object(CakeResponse))
#14 {main}
2012-07-09 16:37:29 Error: [PDOException] SQLSTATE[42S22]: Column not found: 1054 Unknown column 'Track.uri' in 'field list'
#0 /Users/wellsjohnston/Desktop/Other_Dev/wellsstuff2.com/lib/Cake/Model/Datasource/DboSource.php(461): PDOStatement->execute(Array)
#1 /Users/wellsjohnston/Desktop/Other_Dev/wellsstuff2.com/lib/Cake/Model/Datasource/DboSource.php(427): DboSource->_execute('SELECT `Track`....', Array)
#2 /Users/wellsjohnston/Desktop/Other_Dev/wellsstuff2.com/lib/Cake/Model/Datasource/DboSource.php(671): DboSource->execute('SELECT `Track`....', Array, Array)
#3 /Users/wellsjohnston/Desktop/Other_Dev/wellsstuff2.com/lib/Cake/Model/Datasource/DboSource.php(1082): DboSource->fetchAll('SELECT `Track`....', false)
#4 /Users/wellsjohnston/Desktop/Other_Dev/wellsstuff2.com/lib/Cake/Model/Model.php(2631): DboSource->read(Object(Track), Array)
#5 /Users/wellsjohnston/Desktop/Other_Dev/wellsstuff2.com/lib/Cake/Model/Datasource/DboSource.php(600): Model->find('first', Array)
#6 /Users/wellsjohnston/Desktop/Other_Dev/wellsstuff2.com/lib/Cake/Model/Model.php(784): DboSource->query('findById', Array, Object(Track))
#7 /Users/wellsjohnston/Desktop/Other_Dev/wellsstuff2.com/app/Controller/TopController.php(39): Model->__call('findById', Array)
#8 /Users/wellsjohnston/Desktop/Other_Dev/wellsstuff2.com/app/Controller/TopController.php(39): Track->findById(51817661)
#9 [internal function]: TopController->top()
#10 /Users/wellsjohnston/Desktop/Other_Dev/wellsstuff2.com/lib/Cake/Controller/Controller.php(485): ReflectionMethod->invokeArgs(Object(TopController), Array)
#11 /Users/wellsjohnston/Desktop/Other_Dev/wellsstuff2.com/lib/Cake/Routing/Dispatcher.php(186): Controller->invokeAction(Object(CakeRequest))
#12 /Users/wellsjohnston/Desktop/Other_Dev/wellsstuff2.com/lib/Cake/Routing/Dispatcher.php(161): Dispatcher->_invoke(Object(TopController), Object(CakeRequest), Object(CakeResponse))
#13 /Users/wellsjohnston/Desktop/Other_Dev/wellsstuff2.com/app/webroot/index.php(92): Dispatcher->dispatch(Object(CakeRequest), Object(CakeResponse))
#14 {main}
2012-07-09 16:37:46 Error: [PDOException] SQLSTATE[42S22]: Column not found: 1054 Unknown column 'Track.uri' in 'field list'
#0 /Users/wellsjohnston/Desktop/Other_Dev/wellsstuff2.com/lib/Cake/Model/Datasource/DboSource.php(461): PDOStatement->execute(Array)
#1 /Users/wellsjohnston/Desktop/Other_Dev/wellsstuff2.com/lib/Cake/Model/Datasource/DboSource.php(427): DboSource->_execute('SELECT `Track`....', Array)
#2 /Users/wellsjohnston/Desktop/Other_Dev/wellsstuff2.com/lib/Cake/Model/Datasource/DboSource.php(671): DboSource->execute('SELECT `Track`....', Array, Array)
#3 /Users/wellsjohnston/Desktop/Other_Dev/wellsstuff2.com/lib/Cake/Model/Datasource/DboSource.php(1082): DboSource->fetchAll('SELECT `Track`....', false)
#4 /Users/wellsjohnston/Desktop/Other_Dev/wellsstuff2.com/lib/Cake/Model/Model.php(2631): DboSource->read(Object(Track), Array)
#5 /Users/wellsjohnston/Desktop/Other_Dev/wellsstuff2.com/lib/Cake/Model/Datasource/DboSource.php(600): Model->find('first', Array)
#6 /Users/wellsjohnston/Desktop/Other_Dev/wellsstuff2.com/lib/Cake/Model/Model.php(784): DboSource->query('findById', Array, Object(Track))
#7 /Users/wellsjohnston/Desktop/Other_Dev/wellsstuff2.com/app/Controller/TopController.php(39): Model->__call('findById', Array)
#8 /Users/wellsjohnston/Desktop/Other_Dev/wellsstuff2.com/app/Controller/TopController.php(39): Track->findById(51817661)
#9 [internal function]: TopController->top()
#10 /Users/wellsjohnston/Desktop/Other_Dev/wellsstuff2.com/lib/Cake/Controller/Controller.php(485): ReflectionMethod->invokeArgs(Object(TopController), Array)
#11 /Users/wellsjohnston/Desktop/Other_Dev/wellsstuff2.com/lib/Cake/Routing/Dispatcher.php(186): Controller->invokeAction(Object(CakeRequest))
#12 /Users/wellsjohnston/Desktop/Other_Dev/wellsstuff2.com/lib/Cake/Routing/Dispatcher.php(161): Dispatcher->_invoke(Object(TopController), Object(CakeRequest), Object(CakeResponse))
#13 /Users/wellsjohnston/Desktop/Other_Dev/wellsstuff2.com/app/webroot/index.php(92): Dispatcher->dispatch(Object(CakeRequest), Object(CakeResponse))
#14 {main}
2012-07-09 16:38:23 Error: [PDOException] SQLSTATE[42S22]: Column not found: 1054 Unknown column 'Track.uri' in 'field list'
#0 /Users/wellsjohnston/Desktop/Other_Dev/wellsstuff2.com/lib/Cake/Model/Datasource/DboSource.php(461): PDOStatement->execute(Array)
#1 /Users/wellsjohnston/Desktop/Other_Dev/wellsstuff2.com/lib/Cake/Model/Datasource/DboSource.php(427): DboSource->_execute('SELECT `Track`....', Array)
#2 /Users/wellsjohnston/Desktop/Other_Dev/wellsstuff2.com/lib/Cake/Model/Datasource/DboSource.php(671): DboSource->execute('SELECT `Track`....', Array, Array)
#3 /Users/wellsjohnston/Desktop/Other_Dev/wellsstuff2.com/lib/Cake/Model/Datasource/DboSource.php(1082): DboSource->fetchAll('SELECT `Track`....', false)
#4 /Users/wellsjohnston/Desktop/Other_Dev/wellsstuff2.com/lib/Cake/Model/Model.php(2631): DboSource->read(Object(Track), Array)
#5 /Users/wellsjohnston/Desktop/Other_Dev/wellsstuff2.com/lib/Cake/Model/Datasource/DboSource.php(600): Model->find('first', Array)
#6 /Users/wellsjohnston/Desktop/Other_Dev/wellsstuff2.com/lib/Cake/Model/Model.php(784): DboSource->query('findById', Array, Object(Track))
#7 /Users/wellsjohnston/Desktop/Other_Dev/wellsstuff2.com/app/Controller/TopController.php(39): Model->__call('findById', Array)
#8 /Users/wellsjohnston/Desktop/Other_Dev/wellsstuff2.com/app/Controller/TopController.php(39): Track->findById(52001640)
#9 [internal function]: TopController->top()
#10 /Users/wellsjohnston/Desktop/Other_Dev/wellsstuff2.com/lib/Cake/Controller/Controller.php(485): ReflectionMethod->invokeArgs(Object(TopController), Array)
#11 /Users/wellsjohnston/Desktop/Other_Dev/wellsstuff2.com/lib/Cake/Routing/Dispatcher.php(186): Controller->invokeAction(Object(CakeRequest))
#12 /Users/wellsjohnston/Desktop/Other_Dev/wellsstuff2.com/lib/Cake/Routing/Dispatcher.php(161): Dispatcher->_invoke(Object(TopController), Object(CakeRequest), Object(CakeResponse))
#13 /Users/wellsjohnston/Desktop/Other_Dev/wellsstuff2.com/app/webroot/index.php(92): Dispatcher->dispatch(Object(CakeRequest), Object(CakeResponse))
#14 {main}
2012-07-09 16:40:49 Error: [PDOException] SQLSTATE[23000]: Integrity constraint violation: 1048 Column 'content' cannot be null
#0 /Users/wellsjohnston/Desktop/Other_Dev/wellsstuff2.com/lib/Cake/Model/Datasource/DboSource.php(461): PDOStatement->execute(Array)
#1 /Users/wellsjohnston/Desktop/Other_Dev/wellsstuff2.com/lib/Cake/Model/Datasource/DboSource.php(427): DboSource->_execute('INSERT INTO `we...', Array)
#2 /Users/wellsjohnston/Desktop/Other_Dev/wellsstuff2.com/lib/Cake/Model/Datasource/DboSource.php(1009): DboSource->execute('INSERT INTO `we...')
#3 /Users/wellsjohnston/Desktop/Other_Dev/wellsstuff2.com/lib/Cake/Model/Model.php(1730): DboSource->create(Object(Track), Array, Array)
#4 /Users/wellsjohnston/Desktop/Other_Dev/wellsstuff2.com/app/Model/Track.php(30): Model->save(Array)
#5 /Users/wellsjohnston/Desktop/Other_Dev/wellsstuff2.com/app/Controller/TopController.php(41): Track->syncTrack(Array)
#6 [internal function]: TopController->top()
#7 /Users/wellsjohnston/Desktop/Other_Dev/wellsstuff2.com/lib/Cake/Controller/Controller.php(485): ReflectionMethod->invokeArgs(Object(TopController), Array)
#8 /Users/wellsjohnston/Desktop/Other_Dev/wellsstuff2.com/lib/Cake/Routing/Dispatcher.php(186): Controller->invokeAction(Object(CakeRequest))
#9 /Users/wellsjohnston/Desktop/Other_Dev/wellsstuff2.com/lib/Cake/Routing/Dispatcher.php(161): Dispatcher->_invoke(Object(TopController), Object(CakeRequest), Object(CakeResponse))
#10 /Users/wellsjohnston/Desktop/Other_Dev/wellsstuff2.com/app/webroot/index.php(92): Dispatcher->dispatch(Object(CakeRequest), Object(CakeResponse))
#11 {main}
2012-07-09 16:43:39 Error: [PDOException] SQLSTATE[23000]: Integrity constraint violation: 1048 Column 'content' cannot be null
#0 /Users/wellsjohnston/Desktop/Other_Dev/wellsstuff2.com/lib/Cake/Model/Datasource/DboSource.php(461): PDOStatement->execute(Array)
#1 /Users/wellsjohnston/Desktop/Other_Dev/wellsstuff2.com/lib/Cake/Model/Datasource/DboSource.php(427): DboSource->_execute('INSERT INTO `we...', Array)
#2 /Users/wellsjohnston/Desktop/Other_Dev/wellsstuff2.com/lib/Cake/Model/Datasource/DboSource.php(1009): DboSource->execute('INSERT INTO `we...')
#3 /Users/wellsjohnston/Desktop/Other_Dev/wellsstuff2.com/lib/Cake/Model/Model.php(1730): DboSource->create(Object(Track), Array, Array)
#4 /Users/wellsjohnston/Desktop/Other_Dev/wellsstuff2.com/app/Model/Track.php(31): Model->save(Array)
#5 /Users/wellsjohnston/Desktop/Other_Dev/wellsstuff2.com/app/Controller/TopController.php(41): Track->syncTrack(Array)
#6 [internal function]: TopController->top()
#7 /Users/wellsjohnston/Desktop/Other_Dev/wellsstuff2.com/lib/Cake/Controller/Controller.php(485): ReflectionMethod->invokeArgs(Object(TopController), Array)
#8 /Users/wellsjohnston/Desktop/Other_Dev/wellsstuff2.com/lib/Cake/Routing/Dispatcher.php(186): Controller->invokeAction(Object(CakeRequest))
#9 /Users/wellsjohnston/Desktop/Other_Dev/wellsstuff2.com/lib/Cake/Routing/Dispatcher.php(161): Dispatcher->_invoke(Object(TopController), Object(CakeRequest), Object(CakeResponse))
#10 /Users/wellsjohnston/Desktop/Other_Dev/wellsstuff2.com/app/webroot/index.php(92): Dispatcher->dispatch(Object(CakeRequest), Object(CakeResponse))
#11 {main}
2012-07-09 16:45:43 Error: [PDOException] SQLSTATE[23000]: Integrity constraint violation: 1048 Column 'content' cannot be null
#0 /Users/wellsjohnston/Desktop/Other_Dev/wellsstuff2.com/lib/Cake/Model/Datasource/DboSource.php(461): PDOStatement->execute(Array)
#1 /Users/wellsjohnston/Desktop/Other_Dev/wellsstuff2.com/lib/Cake/Model/Datasource/DboSource.php(427): DboSource->_execute('INSERT INTO `we...', Array)
#2 /Users/wellsjohnston/Desktop/Other_Dev/wellsstuff2.com/lib/Cake/Model/Datasource/DboSource.php(1009): DboSource->execute('INSERT INTO `we...')
#3 /Users/wellsjohnston/Desktop/Other_Dev/wellsstuff2.com/lib/Cake/Model/Model.php(1730): DboSource->create(Object(Track), Array, Array)
#4 /Users/wellsjohnston/Desktop/Other_Dev/wellsstuff2.com/app/Model/Track.php(31): Model->save(Array)
#5 /Users/wellsjohnston/Desktop/Other_Dev/wellsstuff2.com/app/Controller/TopController.php(41): Track->syncTrack(Array)
#6 [internal function]: TopController->top()
#7 /Users/wellsjohnston/Desktop/Other_Dev/wellsstuff2.com/lib/Cake/Controller/Controller.php(485): ReflectionMethod->invokeArgs(Object(TopController), Array)
#8 /Users/wellsjohnston/Desktop/Other_Dev/wellsstuff2.com/lib/Cake/Routing/Dispatcher.php(186): Controller->invokeAction(Object(CakeRequest))
#9 /Users/wellsjohnston/Desktop/Other_Dev/wellsstuff2.com/lib/Cake/Routing/Dispatcher.php(161): Dispatcher->_invoke(Object(TopController), Object(CakeRequest), Object(CakeResponse))
#10 /Users/wellsjohnston/Desktop/Other_Dev/wellsstuff2.com/app/webroot/index.php(92): Dispatcher->dispatch(Object(CakeRequest), Object(CakeResponse))
#11 {main}
2012-07-09 16:45:59 Error: [PDOException] SQLSTATE[23000]: Integrity constraint violation: 1048 Column 'content' cannot be null
#0 /Users/wellsjohnston/Desktop/Other_Dev/wellsstuff2.com/lib/Cake/Model/Datasource/DboSource.php(461): PDOStatement->execute(Array)
#1 /Users/wellsjohnston/Desktop/Other_Dev/wellsstuff2.com/lib/Cake/Model/Datasource/DboSource.php(427): DboSource->_execute('INSERT INTO `we...', Array)
#2 /Users/wellsjohnston/Desktop/Other_Dev/wellsstuff2.com/lib/Cake/Model/Datasource/DboSource.php(1009): DboSource->execute('INSERT INTO `we...')
#3 /Users/wellsjohnston/Desktop/Other_Dev/wellsstuff2.com/lib/Cake/Model/Model.php(1730): DboSource->create(Object(Track), Array, Array)
#4 /Users/wellsjohnston/Desktop/Other_Dev/wellsstuff2.com/app/Model/Track.php(31): Model->save(Array)
#5 /Users/wellsjohnston/Desktop/Other_Dev/wellsstuff2.com/app/Controller/TopController.php(41): Track->syncTrack(Array)
#6 [internal function]: TopController->top()
#7 /Users/wellsjohnston/Desktop/Other_Dev/wellsstuff2.com/lib/Cake/Controller/Controller.php(485): ReflectionMethod->invokeArgs(Object(TopController), Array)
#8 /Users/wellsjohnston/Desktop/Other_Dev/wellsstuff2.com/lib/Cake/Routing/Dispatcher.php(186): Controller->invokeAction(Object(CakeRequest))
#9 /Users/wellsjohnston/Desktop/Other_Dev/wellsstuff2.com/lib/Cake/Routing/Dispatcher.php(161): Dispatcher->_invoke(Object(TopController), Object(CakeRequest), Object(CakeResponse))
#10 /Users/wellsjohnston/Desktop/Other_Dev/wellsstuff2.com/app/webroot/index.php(92): Dispatcher->dispatch(Object(CakeRequest), Object(CakeResponse))
#11 {main}
2012-07-09 16:46:27 Error: [PDOException] SQLSTATE[42S22]: Column not found: 1054 Unknown column 'Array' in 'field list'
#0 /Users/wellsjohnston/Desktop/Other_Dev/wellsstuff2.com/lib/Cake/Model/Datasource/DboSource.php(461): PDOStatement->execute(Array)
#1 /Users/wellsjohnston/Desktop/Other_Dev/wellsstuff2.com/lib/Cake/Model/Datasource/DboSource.php(427): DboSource->_execute('INSERT INTO `we...', Array)
#2 /Users/wellsjohnston/Desktop/Other_Dev/wellsstuff2.com/lib/Cake/Model/Datasource/DboSource.php(1009): DboSource->execute('INSERT INTO `we...')
#3 /Users/wellsjohnston/Desktop/Other_Dev/wellsstuff2.com/lib/Cake/Model/Model.php(1730): DboSource->create(Object(Track), Array, Array)
#4 /Users/wellsjohnston/Desktop/Other_Dev/wellsstuff2.com/app/Model/Track.php(31): Model->save(Array)
#5 /Users/wellsjohnston/Desktop/Other_Dev/wellsstuff2.com/app/Controller/TopController.php(41): Track->syncTrack(Array)
#6 [internal function]: TopController->top()
#7 /Users/wellsjohnston/Desktop/Other_Dev/wellsstuff2.com/lib/Cake/Controller/Controller.php(485): ReflectionMethod->invokeArgs(Object(TopController), Array)
#8 /Users/wellsjohnston/Desktop/Other_Dev/wellsstuff2.com/lib/Cake/Routing/Dispatcher.php(186): Controller->invokeAction(Object(CakeRequest))
#9 /Users/wellsjohnston/Desktop/Other_Dev/wellsstuff2.com/lib/Cake/Routing/Dispatcher.php(161): Dispatcher->_invoke(Object(TopController), Object(CakeRequest), Object(CakeResponse))
#10 /Users/wellsjohnston/Desktop/Other_Dev/wellsstuff2.com/app/webroot/index.php(92): Dispatcher->dispatch(Object(CakeRequest), Object(CakeResponse))
#11 {main}
